TN:
SF:src\index.js
FNF:0
FNH:0
DA:6,0
DA:7,0
LF:2
LH:0
BRF:0
BRH:0
end_of_record
TN:
SF:src\components\Button\index.jsx
FN:11,(anonymous_0)
FNF:1
FNH:1
FNDA:5,(anonymous_0)
DA:13,5
DA:16,5
LF:2
LH:2
BRF:0
BRH:0
end_of_record
TN:
SF:src\components\PostCard\index.jsx
FN:8,(anonymous_0)
FNF:1
FNH:1
FNDA:8,(anonymous_0)
DA:8,2
DA:10,8
LF:2
LH:2
BRF:0
BRH:0
end_of_record
TN:
SF:src\components\PostCard\mock.js
FNF:0
FNH:0
DA:1,1
LF:1
LH:1
BRF:0
BRH:0
end_of_record
TN:
SF:src\components\Posts\index.jsx
FN:4,(anonymous_0)
FN:7,(anonymous_1)
FNF:2
FNH:2
FNDA:3,(anonymous_0)
FNDA:6,(anonymous_1)
DA:4,1
DA:5,3
DA:8,6
LF:3
LH:3
BRDA:4,0,0,1
BRF:1
BRH:1
end_of_record
TN:
SF:src\components\TextInput\index.jsx
FN:3,(anonymous_0)
FNF:1
FNH:1
FNDA:3,(anonymous_0)
DA:3,1
DA:4,3
LF:2
LH:2
BRF:0
BRH:0
end_of_record
TN:
SF:src\templates\Home\index.jsx
FN:10,(anonymous_0)
FN:13,(anonymous_1)
FN:17,(anonymous_2)
FN:23,(anonymous_3)
FNF:4
FNH:0
FNDA:0,(anonymous_0)
FNDA:0,(anonymous_1)
FNDA:0,(anonymous_2)
FNDA:0,(anonymous_3)
DA:6,0
DA:10,0
DA:13,0
DA:14,0
DA:15,0
DA:16,0
DA:18,0
DA:25,0
LF:8
LH:0
BRF:0
BRH:0
end_of_record
TN:
SF:src\utils\load-posts.js
FN:1,(anonymous_0)
FN:12,(anonymous_1)
FNF:2
FNH:0
FNDA:0,(anonymous_0)
FNDA:0,(anonymous_1)
DA:1,0
DA:3,0
DA:4,0
DA:7,0
DA:9,0
DA:10,0
DA:12,0
DA:13,0
DA:16,0
LF:9
LH:0
BRF:0
BRH:0
end_of_record
