{"C:\\Users\\Alex\\Desktop\\Linguagens\\JavaScript\\React\\Aulas\\aula11\\src\\index.js": {"path":"C:\\Users\\Alex\\Desktop\\Linguagens\\JavaScript\\React\\Aulas\\aula11\\src\\index.js","statementMap":{"0":{"start":{"line":6,"column":13},"end":{"line":6,"column":65}},"1":{"start":{"line":7,"column":0},"end":{"line":11,"column":2}}},"fnMap":{},"branchMap":{},"s":{"0":0,"1":0},"f":{},"b":{}}
,"C:\\Users\\Alex\\Desktop\\Linguagens\\JavaScript\\React\\Aulas\\aula11\\src\\components\\Button\\index.jsx": {"path":"C:\\Users\\Alex\\Desktop\\Linguagens\\JavaScript\\React\\Aulas\\aula11\\src\\components\\Button\\index.jsx","statementMap":{"0":{"start":{"line":13,"column":48},"end":{"line":13,"column":58}},"1":{"start":{"line":16,"column":8},"end":{"line":18,"column":9}}},"fnMap":{"0":{"name":"(anonymous_0)","decl":{"start":{"line":11,"column":4},"end":{"line":11,"column":5}},"loc":{"start":{"line":11,"column":18},"end":{"line":19,"column":5}},"line":11}},"branchMap":{},"s":{"0":4,"1":4},"f":{"0":4},"b":{},"_coverageSchema":"1a1c01bbd47fc00a2c39e90264f33305004495a9","hash":"4529ec126aae112435a2e9d8ea1bfc9a3dc73e08"}
,"C:\\Users\\Alex\\Desktop\\Linguagens\\JavaScript\\React\\Aulas\\aula11\\src\\components\\PostCard\\index.jsx": {"path":"C:\\Users\\Alex\\Desktop\\Linguagens\\JavaScript\\React\\Aulas\\aula11\\src\\components\\PostCard\\index.jsx","statementMap":{"0":{"start":{"line":8,"column":24},"end":{"line":20,"column":1}},"1":{"start":{"line":10,"column":4},"end":{"line":18,"column":5}}},"fnMap":{"0":{"name":"(anonymous_0)","decl":{"start":{"line":8,"column":24},"end":{"line":8,"column":25}},"loc":{"start":{"line":8,"column":54},"end":{"line":20,"column":1}},"line":8}},"branchMap":{},"s":{"0":0,"1":0},"f":{"0":0},"b":{}}
,"C:\\Users\\Alex\\Desktop\\Linguagens\\JavaScript\\React\\Aulas\\aula11\\src\\components\\Posts\\index.jsx": {"path":"C:\\Users\\Alex\\Desktop\\Linguagens\\JavaScript\\React\\Aulas\\aula11\\src\\components\\Posts\\index.jsx","statementMap":{"0":{"start":{"line":4,"column":21},"end":{"line":19,"column":1}},"1":{"start":{"line":5,"column":4},"end":{"line":17,"column":5}},"2":{"start":{"line":8,"column":16},"end":{"line":14,"column":18}}},"fnMap":{"0":{"name":"(anonymous_0)","decl":{"start":{"line":4,"column":21},"end":{"line":4,"column":22}},"loc":{"start":{"line":4,"column":36},"end":{"line":19,"column":1}},"line":4},"1":{"name":"(anonymous_1)","decl":{"start":{"line":7,"column":23},"end":{"line":7,"column":24}},"loc":{"start":{"line":8,"column":16},"end":{"line":14,"column":18}},"line":8}},"branchMap":{},"s":{"0":0,"1":0,"2":0},"f":{"0":0,"1":0},"b":{}}
,"C:\\Users\\Alex\\Desktop\\Linguagens\\JavaScript\\React\\Aulas\\aula11\\src\\components\\TextInput\\index.jsx": {"path":"C:\\Users\\Alex\\Desktop\\Linguagens\\JavaScript\\React\\Aulas\\aula11\\src\\components\\TextInput\\index.jsx","statementMap":{"0":{"start":{"line":3,"column":25},"end":{"line":7,"column":1}},"1":{"start":{"line":4,"column":4},"end":{"line":6,"column":5}}},"fnMap":{"0":{"name":"(anonymous_0)","decl":{"start":{"line":3,"column":25},"end":{"line":3,"column":26}},"loc":{"start":{"line":3,"column":62},"end":{"line":7,"column":1}},"line":3}},"branchMap":{},"s":{"0":0,"1":0},"f":{"0":0},"b":{}}
,"C:\\Users\\Alex\\Desktop\\Linguagens\\JavaScript\\React\\Aulas\\aula11\\src\\templates\\Home\\index.jsx": {"path":"C:\\Users\\Alex\\Desktop\\Linguagens\\JavaScript\\React\\Aulas\\aula11\\src\\templates\\Home\\index.jsx","statementMap":{"0":{"start":{"line":6,"column":10},"end":{"line":8,"column":3}},"1":{"start":{"line":10,"column":16},"end":{"line":21,"column":3}},"2":{"start":{"line":13,"column":4},"end":{"line":19,"column":6}},"3":{"start":{"line":14,"column":6},"end":{"line":14,"column":53}},"4":{"start":{"line":15,"column":6},"end":{"line":15,"column":45}},"5":{"start":{"line":16,"column":6},"end":{"line":16,"column":73}},"6":{"start":{"line":18,"column":6},"end":{"line":18,"column":54}},"7":{"start":{"line":25,"column":4},"end":{"line":30,"column":5}}},"fnMap":{"0":{"name":"(anonymous_0)","decl":{"start":{"line":10,"column":16},"end":{"line":10,"column":17}},"loc":{"start":{"line":10,"column":22},"end":{"line":21,"column":3}},"line":10},"1":{"name":"(anonymous_1)","decl":{"start":{"line":13,"column":18},"end":{"line":13,"column":19}},"loc":{"start":{"line":13,"column":44},"end":{"line":17,"column":5}},"line":13},"2":{"name":"(anonymous_2)","decl":{"start":{"line":17,"column":7},"end":{"line":17,"column":8}},"loc":{"start":{"line":17,"column":13},"end":{"line":19,"column":5}},"line":17},"3":{"name":"(anonymous_3)","decl":{"start":{"line":23,"column":2},"end":{"line":23,"column":3}},"loc":{"start":{"line":23,"column":11},"end":{"line":32,"column":3}},"line":23}},"branchMap":{},"s":{"0":0,"1":0,"2":0,"3":0,"4":0,"5":0,"6":0,"7":0},"f":{"0":0,"1":0,"2":0,"3":0},"b":{}}
,"C:\\Users\\Alex\\Desktop\\Linguagens\\JavaScript\\React\\Aulas\\aula11\\src\\utils\\load-posts.js": {"path":"C:\\Users\\Alex\\Desktop\\Linguagens\\JavaScript\\React\\Aulas\\aula11\\src\\utils\\load-posts.js","statementMap":{"0":{"start":{"line":1,"column":25},"end":{"line":18,"column":1}},"1":{"start":{"line":3,"column":26},"end":{"line":3,"column":77}},"2":{"start":{"line":4,"column":27},"end":{"line":4,"column":79}},"3":{"start":{"line":7,"column":30},"end":{"line":7,"column":82}},"4":{"start":{"line":9,"column":22},"end":{"line":9,"column":40}},"5":{"start":{"line":10,"column":23},"end":{"line":10,"column":42}},"6":{"start":{"line":12,"column":27},"end":{"line":14,"column":6}},"7":{"start":{"line":13,"column":8},"end":{"line":13,"column":56}},"8":{"start":{"line":16,"column":4},"end":{"line":16,"column":25}}},"fnMap":{"0":{"name":"(anonymous_0)","decl":{"start":{"line":1,"column":25},"end":{"line":1,"column":26}},"loc":{"start":{"line":1,"column":37},"end":{"line":18,"column":1}},"line":1},"1":{"name":"(anonymous_1)","decl":{"start":{"line":12,"column":41},"end":{"line":12,"column":42}},"loc":{"start":{"line":12,"column":58},"end":{"line":14,"column":5}},"line":12}},"branchMap":{},"s":{"0":0,"1":0,"2":0,"3":0,"4":0,"5":0,"6":0,"7":0,"8":0},"f":{"0":0,"1":0},"b":{}}
}
